2021-08-13 13:34:24,209 DEBUG    root            Loaded Command Group: ['gcloud', 'components']
2021-08-13 13:34:24,212 DEBUG    root            Loaded Command Group: ['gcloud', 'components', 'update']
2021-08-13 13:34:24,215 DEBUG    root            Running [gcloud.components.update] with arguments: [--allow-no-backup: "True", --quiet: "True", COMPONENT-IDS:6: "['core', 'gcloud-deps', 'bq', 'gcloud', 'gsutil', 'anthoscli']"]
2021-08-13 13:34:24,221 INFO     ___FILE_ONLY___ Beginning update. This process may take several minutes.

2021-08-13 13:34:36,250 DEBUG    urllib3.connectionpool Starting new HTTPS connection (1): dl.google.com:443
2021-08-13 13:34:36,275 DEBUG    urllib3.connectionpool https://dl.google.com:443 "GET /dl/cloudsdk/channels/rapid/components-2.json HTTP/1.1" 200 159482
2021-08-13 13:34:36,292 INFO     ___FILE_ONLY___ 

2021-08-13 13:34:36,293 INFO     ___FILE_ONLY___ 
Your current Cloud SDK version is: 352.0.0

2021-08-13 13:34:36,293 INFO     ___FILE_ONLY___ Installing components from version: 352.0.0

2021-08-13 13:34:36,293 INFO     ___FILE_ONLY___ 

2021-08-13 13:34:36,301 INFO     ___FILE_ONLY___ ┌─────────────────────────────────────────────────────────────────────────────┐
2021-08-13 13:34:36,301 INFO     ___FILE_ONLY___ 

2021-08-13 13:34:36,301 INFO     ___FILE_ONLY___ │                     These components will be installed.                     │
2021-08-13 13:34:36,301 INFO     ___FILE_ONLY___ 

2021-08-13 13:34:36,301 INFO     ___FILE_ONLY___ ├─────────────────────────────────────────────────────┬────────────┬──────────┤
2021-08-13 13:34:36,301 INFO     ___FILE_ONLY___ 

2021-08-13 13:34:36,301 INFO     ___FILE_ONLY___ │                         Name                        │  Version   │   Size   │
2021-08-13 13:34:36,301 INFO     ___FILE_ONLY___ 

2021-08-13 13:34:36,301 INFO     ___FILE_ONLY___ ├─────────────────────────────────────────────────────┼────────────┼──────────┤
2021-08-13 13:34:36,301 INFO     ___FILE_ONLY___ 

2021-08-13 13:34:36,301 INFO     ___FILE_ONLY___ │ 
2021-08-13 13:34:36,301 INFO     ___FILE_ONLY___ BigQuery Command Line Tool                         
2021-08-13 13:34:36,302 INFO     ___FILE_ONLY___  
2021-08-13 13:34:36,302 INFO     ___FILE_ONLY___ │ 
2021-08-13 13:34:36,302 INFO     ___FILE_ONLY___     2.0.70
2021-08-13 13:34:36,302 INFO     ___FILE_ONLY___  
2021-08-13 13:34:36,302 INFO     ___FILE_ONLY___ │ 
2021-08-13 13:34:36,302 INFO     ___FILE_ONLY___  < 1 MiB
2021-08-13 13:34:36,302 INFO     ___FILE_ONLY___  
2021-08-13 13:34:36,302 INFO     ___FILE_ONLY___ │
2021-08-13 13:34:36,302 INFO     ___FILE_ONLY___ 

2021-08-13 13:34:36,302 INFO     ___FILE_ONLY___ │ 
2021-08-13 13:34:36,302 INFO     ___FILE_ONLY___ BigQuery Command Line Tool (Platform Specific)     
2021-08-13 13:34:36,302 INFO     ___FILE_ONLY___  
2021-08-13 13:34:36,302 INFO     ___FILE_ONLY___ │ 
2021-08-13 13:34:36,302 INFO     ___FILE_ONLY___     2.0.69
2021-08-13 13:34:36,303 INFO     ___FILE_ONLY___  
2021-08-13 13:34:36,303 INFO     ___FILE_ONLY___ │ 
2021-08-13 13:34:36,303 INFO     ___FILE_ONLY___  < 1 MiB
2021-08-13 13:34:36,303 INFO     ___FILE_ONLY___  
2021-08-13 13:34:36,303 INFO     ___FILE_ONLY___ │
2021-08-13 13:34:36,303 INFO     ___FILE_ONLY___ 

2021-08-13 13:34:36,303 INFO     ___FILE_ONLY___ │ 
2021-08-13 13:34:36,303 INFO     ___FILE_ONLY___ Cloud SDK Core Libraries (Platform Specific)       
2021-08-13 13:34:36,303 INFO     ___FILE_ONLY___  
2021-08-13 13:34:36,303 INFO     ___FILE_ONLY___ │ 
2021-08-13 13:34:36,303 INFO     ___FILE_ONLY___ 2021.06.18
2021-08-13 13:34:36,303 INFO     ___FILE_ONLY___  
2021-08-13 13:34:36,303 INFO     ___FILE_ONLY___ │ 
2021-08-13 13:34:36,303 INFO     ___FILE_ONLY___  < 1 MiB
2021-08-13 13:34:36,303 INFO     ___FILE_ONLY___  
2021-08-13 13:34:36,304 INFO     ___FILE_ONLY___ │
2021-08-13 13:34:36,304 INFO     ___FILE_ONLY___ 

2021-08-13 13:34:36,304 INFO     ___FILE_ONLY___ │ 
2021-08-13 13:34:36,304 INFO     ___FILE_ONLY___ Cloud Storage Command Line Tool                    
2021-08-13 13:34:36,304 INFO     ___FILE_ONLY___  
2021-08-13 13:34:36,304 INFO     ___FILE_ONLY___ │ 
2021-08-13 13:34:36,304 INFO     ___FILE_ONLY___       4.66
2021-08-13 13:34:36,304 INFO     ___FILE_ONLY___  
2021-08-13 13:34:36,304 INFO     ___FILE_ONLY___ │ 
2021-08-13 13:34:36,304 INFO     ___FILE_ONLY___  4.3 MiB
2021-08-13 13:34:36,304 INFO     ___FILE_ONLY___  
2021-08-13 13:34:36,304 INFO     ___FILE_ONLY___ │
2021-08-13 13:34:36,304 INFO     ___FILE_ONLY___ 

2021-08-13 13:34:36,304 INFO     ___FILE_ONLY___ │ 
2021-08-13 13:34:36,305 INFO     ___FILE_ONLY___ Cloud Storage Command Line Tool (Platform Specific)
2021-08-13 13:34:36,305 INFO     ___FILE_ONLY___  
2021-08-13 13:34:36,305 INFO     ___FILE_ONLY___ │ 
2021-08-13 13:34:36,305 INFO     ___FILE_ONLY___       4.63
2021-08-13 13:34:36,305 INFO     ___FILE_ONLY___  
2021-08-13 13:34:36,305 INFO     ___FILE_ONLY___ │ 
2021-08-13 13:34:36,305 INFO     ___FILE_ONLY___  < 1 MiB
2021-08-13 13:34:36,305 INFO     ___FILE_ONLY___  
2021-08-13 13:34:36,305 INFO     ___FILE_ONLY___ │
2021-08-13 13:34:36,305 INFO     ___FILE_ONLY___ 

2021-08-13 13:34:36,305 INFO     ___FILE_ONLY___ │ 
2021-08-13 13:34:36,305 INFO     ___FILE_ONLY___ anthoscli                                          
2021-08-13 13:34:36,305 INFO     ___FILE_ONLY___  
2021-08-13 13:34:36,305 INFO     ___FILE_ONLY___ │ 
2021-08-13 13:34:36,306 INFO     ___FILE_ONLY___     0.2.17
2021-08-13 13:34:36,306 INFO     ___FILE_ONLY___  
2021-08-13 13:34:36,306 INFO     ___FILE_ONLY___ │ 
2021-08-13 13:34:36,306 INFO     ___FILE_ONLY___ 47.0 MiB
2021-08-13 13:34:36,306 INFO     ___FILE_ONLY___  
2021-08-13 13:34:36,306 INFO     ___FILE_ONLY___ │
2021-08-13 13:34:36,306 INFO     ___FILE_ONLY___ 

2021-08-13 13:34:36,306 INFO     ___FILE_ONLY___ │ 
2021-08-13 13:34:36,306 INFO     ___FILE_ONLY___ gcloud cli dependencies                            
2021-08-13 13:34:36,306 INFO     ___FILE_ONLY___  
2021-08-13 13:34:36,306 INFO     ___FILE_ONLY___ │ 
2021-08-13 13:34:36,306 INFO     ___FILE_ONLY___ 2021.04.16
2021-08-13 13:34:36,306 INFO     ___FILE_ONLY___  
2021-08-13 13:34:36,306 INFO     ___FILE_ONLY___ │ 
2021-08-13 13:34:36,307 INFO     ___FILE_ONLY___  < 1 MiB
2021-08-13 13:34:36,307 INFO     ___FILE_ONLY___  
2021-08-13 13:34:36,307 INFO     ___FILE_ONLY___ │
2021-08-13 13:34:36,307 INFO     ___FILE_ONLY___ 

2021-08-13 13:34:36,307 INFO     ___FILE_ONLY___ └─────────────────────────────────────────────────────┴────────────┴──────────┘
2021-08-13 13:34:36,307 INFO     ___FILE_ONLY___ 

2021-08-13 13:34:36,307 INFO     ___FILE_ONLY___ 

2021-08-13 13:34:36,309 DEBUG    urllib3.connectionpool Starting new HTTPS connection (1): dl.google.com:443
2021-08-13 13:34:36,328 DEBUG    urllib3.connectionpool https://dl.google.com:443 "GET /dl/cloudsdk/channels/rapid/RELEASE_NOTES HTTP/1.1" 200 679367
2021-08-13 13:34:36,368 INFO     ___FILE_ONLY___ For the latest full release notes, please visit:
  https://cloud.google.com/sdk/release_notes


2021-08-13 13:34:36,373 INFO     ___FILE_ONLY___ ╔════════════════════════════════════════════════════════════╗

2021-08-13 13:34:36,373 INFO     ___FILE_ONLY___ ╠═ Creating update staging area                             ═╣

2021-08-13 13:34:36,374 INFO     ___FILE_ONLY___ ╚
2021-08-13 13:34:36,374 INFO     ___FILE_ONLY___ ══════
2021-08-13 13:34:36,374 INFO     ___FILE_ONLY___ ══════
2021-08-13 13:34:36,374 INFO     ___FILE_ONLY___ ══════
2021-08-13 13:34:36,538 INFO     ___FILE_ONLY___ ═
2021-08-13 13:34:36,570 INFO     ___FILE_ONLY___ ═
2021-08-13 13:34:36,591 INFO     ___FILE_ONLY___ ═
2021-08-13 13:34:36,616 INFO     ___FILE_ONLY___ ═
2021-08-13 13:34:36,641 INFO     ___FILE_ONLY___ ═
2021-08-13 13:34:36,664 INFO     ___FILE_ONLY___ ═
2021-08-13 13:34:36,696 INFO     ___FILE_ONLY___ ═
2021-08-13 13:34:36,720 INFO     ___FILE_ONLY___ ═
2021-08-13 13:34:36,878 INFO     ___FILE_ONLY___ ═
2021-08-13 13:34:36,974 INFO     ___FILE_ONLY___ ═
2021-08-13 13:34:37,036 INFO     ___FILE_ONLY___ ═
2021-08-13 13:34:37,125 INFO     ___FILE_ONLY___ ═
2021-08-13 13:34:37,189 INFO     ___FILE_ONLY___ ═
2021-08-13 13:34:37,247 INFO     ___FILE_ONLY___ ═
2021-08-13 13:34:37,294 INFO     ___FILE_ONLY___ ═
2021-08-13 13:34:37,333 INFO     ___FILE_ONLY___ ═
2021-08-13 13:34:37,377 INFO     ___FILE_ONLY___ ═
2021-08-13 13:34:37,423 INFO     ___FILE_ONLY___ ═
2021-08-13 13:34:37,468 INFO     ___FILE_ONLY___ ═
2021-08-13 13:34:37,516 INFO     ___FILE_ONLY___ ═
2021-08-13 13:34:37,560 INFO     ___FILE_ONLY___ ═
2021-08-13 13:34:37,605 INFO     ___FILE_ONLY___ ═
2021-08-13 13:34:37,655 INFO     ___FILE_ONLY___ ═
2021-08-13 13:34:37,711 INFO     ___FILE_ONLY___ ═
2021-08-13 13:34:37,758 INFO     ___FILE_ONLY___ ═
2021-08-13 13:34:37,798 INFO     ___FILE_ONLY___ ═
2021-08-13 13:34:37,836 INFO     ___FILE_ONLY___ ═
2021-08-13 13:34:37,879 INFO     ___FILE_ONLY___ ═
2021-08-13 13:34:37,917 INFO     ___FILE_ONLY___ ═
2021-08-13 13:34:37,960 INFO     ___FILE_ONLY___ ═
2021-08-13 13:34:38,011 INFO     ___FILE_ONLY___ ═
2021-08-13 13:34:38,059 INFO     ___FILE_ONLY___ ═
2021-08-13 13:34:38,117 INFO     ___FILE_ONLY___ ═
2021-08-13 13:34:38,163 INFO     ___FILE_ONLY___ ═
2021-08-13 13:34:38,224 INFO     ___FILE_ONLY___ ═
2021-08-13 13:34:38,283 INFO     ___FILE_ONLY___ ═
2021-08-13 13:34:38,369 INFO     ___FILE_ONLY___ ═
2021-08-13 13:34:38,440 INFO     ___FILE_ONLY___ ═
2021-08-13 13:34:38,482 INFO     ___FILE_ONLY___ ═
2021-08-13 13:34:38,519 INFO     ___FILE_ONLY___ ═
2021-08-13 13:34:38,561 INFO     ___FILE_ONLY___ ═
2021-08-13 13:34:38,595 INFO     ___FILE_ONLY___ ═
2021-08-13 13:34:38,595 INFO     ___FILE_ONLY___ ╝

2021-08-13 13:34:38,726 INFO     ___FILE_ONLY___ ╔════════════════════════════════════════════════════════════╗

2021-08-13 13:34:38,726 INFO     ___FILE_ONLY___ ╠═ Installing: BigQuery Command Line Tool                   ═╣

2021-08-13 13:34:38,726 INFO     ___FILE_ONLY___ ╚
2021-08-13 13:34:38,730 DEBUG    urllib3.connectionpool Starting new HTTPS connection (1): dl.google.com:443
2021-08-13 13:34:38,751 DEBUG    urllib3.connectionpool https://dl.google.com:443 "GET /dl/cloudsdk/channels/rapid/components/google-cloud-sdk-bq-20210709151636.tar.gz HTTP/1.1" 200 1041960
2021-08-13 13:34:38,762 INFO     ___FILE_ONLY___ ═
2021-08-13 13:34:38,763 INFO     ___FILE_ONLY___ ═
2021-08-13 13:34:38,763 INFO     ___FILE_ONLY___ ═
2021-08-13 13:34:38,763 INFO     ___FILE_ONLY___ ═
2021-08-13 13:34:38,763 INFO     ___FILE_ONLY___ ═
2021-08-13 13:34:38,763 INFO     ___FILE_ONLY___ ═
2021-08-13 13:34:38,763 INFO     ___FILE_ONLY___ ═
2021-08-13 13:34:38,763 INFO     ___FILE_ONLY___ ═
2021-08-13 13:34:38,764 INFO     ___FILE_ONLY___ ═
2021-08-13 13:34:38,764 INFO     ___FILE_ONLY___ ═
2021-08-13 13:34:38,764 INFO     ___FILE_ONLY___ ═
2021-08-13 13:34:38,764 INFO     ___FILE_ONLY___ ═
2021-08-13 13:34:38,764 INFO     ___FILE_ONLY___ ═
2021-08-13 13:34:38,764 INFO     ___FILE_ONLY___ ═
2021-08-13 13:34:38,764 INFO     ___FILE_ONLY___ ═
2021-08-13 13:34:38,764 INFO     ___FILE_ONLY___ ═
2021-08-13 13:34:38,765 INFO     ___FILE_ONLY___ ═
2021-08-13 13:34:38,765 INFO     ___FILE_ONLY___ ═
2021-08-13 13:34:38,765 INFO     ___FILE_ONLY___ ═
2021-08-13 13:34:38,765 INFO     ___FILE_ONLY___ ═
2021-08-13 13:34:38,765 INFO     ___FILE_ONLY___ ═
2021-08-13 13:34:38,765 INFO     ___FILE_ONLY___ ═
2021-08-13 13:34:38,765 INFO     ___FILE_ONLY___ ═
2021-08-13 13:34:38,765 INFO     ___FILE_ONLY___ ═
2021-08-13 13:34:38,766 INFO     ___FILE_ONLY___ ═
2021-08-13 13:34:38,766 INFO     ___FILE_ONLY___ ═
2021-08-13 13:34:38,766 INFO     ___FILE_ONLY___ ═
2021-08-13 13:34:38,766 INFO     ___FILE_ONLY___ ═
2021-08-13 13:34:38,766 INFO     ___FILE_ONLY___ ═
2021-08-13 13:34:38,766 INFO     ___FILE_ONLY___ ═
2021-08-13 13:34:38,823 INFO     ___FILE_ONLY___ ═
2021-08-13 13:34:38,832 INFO     ___FILE_ONLY___ ═
2021-08-13 13:34:38,834 INFO     ___FILE_ONLY___ ═
2021-08-13 13:34:38,838 INFO     ___FILE_ONLY___ ═
2021-08-13 13:34:38,840 INFO     ___FILE_ONLY___ ═
2021-08-13 13:34:38,843 INFO     ___FILE_ONLY___ ═
2021-08-13 13:34:38,846 INFO     ___FILE_ONLY___ ═
2021-08-13 13:34:38,848 INFO     ___FILE_ONLY___ ═
2021-08-13 13:34:38,851 INFO     ___FILE_ONLY___ ═
2021-08-13 13:34:38,854 INFO     ___FILE_ONLY___ ═
2021-08-13 13:34:38,859 INFO     ___FILE_ONLY___ ═
2021-08-13 13:34:38,862 INFO     ___FILE_ONLY___ ═
2021-08-13 13:34:38,864 INFO     ___FILE_ONLY___ ═
2021-08-13 13:34:38,867 INFO     ___FILE_ONLY___ ═
2021-08-13 13:34:38,870 INFO     ___FILE_ONLY___ ═
2021-08-13 13:34:38,872 INFO     ___FILE_ONLY___ ═
2021-08-13 13:34:38,874 INFO     ___FILE_ONLY___ ═
2021-08-13 13:34:38,877 INFO     ___FILE_ONLY___ ═
2021-08-13 13:34:38,879 INFO     ___FILE_ONLY___ ═
2021-08-13 13:34:38,882 INFO     ___FILE_ONLY___ ═
2021-08-13 13:34:38,885 INFO     ___FILE_ONLY___ ═
2021-08-13 13:34:38,889 INFO     ___FILE_ONLY___ ═
2021-08-13 13:34:38,892 INFO     ___FILE_ONLY___ ═
2021-08-13 13:34:38,894 INFO     ___FILE_ONLY___ ═
2021-08-13 13:34:38,896 INFO     ___FILE_ONLY___ ═
2021-08-13 13:34:38,899 INFO     ___FILE_ONLY___ ═
2021-08-13 13:34:38,902 INFO     ___FILE_ONLY___ ═
2021-08-13 13:34:38,905 INFO     ___FILE_ONLY___ ═
2021-08-13 13:34:38,907 INFO     ___FILE_ONLY___ ═
2021-08-13 13:34:38,910 INFO     ___FILE_ONLY___ ═
2021-08-13 13:34:38,910 INFO     ___FILE_ONLY___ ╝

2021-08-13 13:34:38,925 INFO     ___FILE_ONLY___ ╔════════════════════════════════════════════════════════════╗

2021-08-13 13:34:38,926 INFO     ___FILE_ONLY___ ╠═ Installing: BigQuery Command Line Tool (Platform Spec... ═╣

2021-08-13 13:34:38,926 INFO     ___FILE_ONLY___ ╚
2021-08-13 13:34:38,929 DEBUG    urllib3.connectionpool Starting new HTTPS connection (1): dl.google.com:443
2021-08-13 13:34:38,947 DEBUG    urllib3.connectionpool https://dl.google.com:443 "GET /dl/cloudsdk/channels/rapid/components/google-cloud-sdk-bq-nix-20210618132905.tar.gz HTTP/1.1" 200 1964
2021-08-13 13:34:38,948 INFO     ___FILE_ONLY___ ══════════════════════════════
2021-08-13 13:34:38,949 INFO     ___FILE_ONLY___ ══════════════════════════════
2021-08-13 13:34:38,949 INFO     ___FILE_ONLY___ ╝

2021-08-13 13:34:38,960 INFO     ___FILE_ONLY___ ╔════════════════════════════════════════════════════════════╗

2021-08-13 13:34:38,960 INFO     ___FILE_ONLY___ ╠═ Installing: Cloud SDK Core Libraries (Platform Specific) ═╣

2021-08-13 13:34:38,960 INFO     ___FILE_ONLY___ ╚
2021-08-13 13:34:38,964 DEBUG    urllib3.connectionpool Starting new HTTPS connection (1): dl.google.com:443
2021-08-13 13:34:38,983 DEBUG    urllib3.connectionpool https://dl.google.com:443 "GET /dl/cloudsdk/channels/rapid/components/google-cloud-sdk-core-nix-20210618132905.tar.gz HTTP/1.1" 200 2341
2021-08-13 13:34:38,984 INFO     ___FILE_ONLY___ ══════════════════════════════
2021-08-13 13:34:38,985 INFO     ___FILE_ONLY___ ═══════════════
2021-08-13 13:34:38,986 INFO     ___FILE_ONLY___ ═══════════════
2021-08-13 13:34:38,986 INFO     ___FILE_ONLY___ ╝

2021-08-13 13:34:38,996 INFO     ___FILE_ONLY___ ╔════════════════════════════════════════════════════════════╗

2021-08-13 13:34:38,997 INFO     ___FILE_ONLY___ ╠═ Installing: Cloud Storage Command Line Tool              ═╣

2021-08-13 13:34:38,997 INFO     ___FILE_ONLY___ ╚
2021-08-13 13:34:39,000 DEBUG    urllib3.connectionpool Starting new HTTPS connection (1): dl.google.com:443
2021-08-13 13:34:39,027 DEBUG    urllib3.connectionpool https://dl.google.com:443 "GET /dl/cloudsdk/channels/rapid/components/google-cloud-sdk-gsutil-20210730135533.tar.gz HTTP/1.1" 200 4485025
2021-08-13 13:34:39,059 INFO     ___FILE_ONLY___ ═
2021-08-13 13:34:39,059 INFO     ___FILE_ONLY___ ═
2021-08-13 13:34:39,060 INFO     ___FILE_ONLY___ ═
2021-08-13 13:34:39,060 INFO     ___FILE_ONLY___ ═
2021-08-13 13:34:39,060 INFO     ___FILE_ONLY___ ═
2021-08-13 13:34:39,060 INFO     ___FILE_ONLY___ ═
2021-08-13 13:34:39,061 INFO     ___FILE_ONLY___ ═
2021-08-13 13:34:39,061 INFO     ___FILE_ONLY___ ═
2021-08-13 13:34:39,061 INFO     ___FILE_ONLY___ ═
2021-08-13 13:34:39,061 INFO     ___FILE_ONLY___ ═
2021-08-13 13:34:39,062 INFO     ___FILE_ONLY___ ═
2021-08-13 13:34:39,062 INFO     ___FILE_ONLY___ ═
2021-08-13 13:34:39,062 INFO     ___FILE_ONLY___ ═
2021-08-13 13:34:39,062 INFO     ___FILE_ONLY___ ═
2021-08-13 13:34:39,063 INFO     ___FILE_ONLY___ ═
2021-08-13 13:34:39,063 INFO     ___FILE_ONLY___ ═
2021-08-13 13:34:39,063 INFO     ___FILE_ONLY___ ═
2021-08-13 13:34:39,064 INFO     ___FILE_ONLY___ ═
2021-08-13 13:34:39,064 INFO     ___FILE_ONLY___ ═
2021-08-13 13:34:39,064 INFO     ___FILE_ONLY___ ═
2021-08-13 13:34:39,064 INFO     ___FILE_ONLY___ ═
2021-08-13 13:34:39,065 INFO     ___FILE_ONLY___ ═
2021-08-13 13:34:39,065 INFO     ___FILE_ONLY___ ═
2021-08-13 13:34:39,065 INFO     ___FILE_ONLY___ ═
2021-08-13 13:34:39,065 INFO     ___FILE_ONLY___ ═
2021-08-13 13:34:39,066 INFO     ___FILE_ONLY___ ═
2021-08-13 13:34:39,066 INFO     ___FILE_ONLY___ ═
2021-08-13 13:34:39,066 INFO     ___FILE_ONLY___ ═
2021-08-13 13:34:39,066 INFO     ___FILE_ONLY___ ═
2021-08-13 13:34:39,067 INFO     ___FILE_ONLY___ ═
2021-08-13 13:34:39,423 INFO     ___FILE_ONLY___ ═
2021-08-13 13:34:39,450 INFO     ___FILE_ONLY___ ═
2021-08-13 13:34:39,476 INFO     ___FILE_ONLY___ ═
2021-08-13 13:34:39,494 INFO     ___FILE_ONLY___ ═
2021-08-13 13:34:39,511 INFO     ___FILE_ONLY___ ═
2021-08-13 13:34:39,527 INFO     ___FILE_ONLY___ ═
2021-08-13 13:34:39,542 INFO     ___FILE_ONLY___ ═
2021-08-13 13:34:39,559 INFO     ___FILE_ONLY___ ═
2021-08-13 13:34:39,576 INFO     ___FILE_ONLY___ ═
2021-08-13 13:34:39,593 INFO     ___FILE_ONLY___ ═
2021-08-13 13:34:39,608 INFO     ___FILE_ONLY___ ═
2021-08-13 13:34:39,623 INFO     ___FILE_ONLY___ ═
2021-08-13 13:34:39,641 INFO     ___FILE_ONLY___ ═
2021-08-13 13:34:39,662 INFO     ___FILE_ONLY___ ═
2021-08-13 13:34:39,682 INFO     ___FILE_ONLY___ ═
2021-08-13 13:34:39,705 INFO     ___FILE_ONLY___ ═
2021-08-13 13:34:39,728 INFO     ___FILE_ONLY___ ═
2021-08-13 13:34:39,749 INFO     ___FILE_ONLY___ ═
2021-08-13 13:34:39,766 INFO     ___FILE_ONLY___ ═
2021-08-13 13:34:39,785 INFO     ___FILE_ONLY___ ═
2021-08-13 13:34:39,804 INFO     ___FILE_ONLY___ ═
2021-08-13 13:34:39,828 INFO     ___FILE_ONLY___ ═
2021-08-13 13:34:39,845 INFO     ___FILE_ONLY___ ═
2021-08-13 13:34:39,860 INFO     ___FILE_ONLY___ ═
2021-08-13 13:34:39,877 INFO     ___FILE_ONLY___ ═
2021-08-13 13:34:39,893 INFO     ___FILE_ONLY___ ═
2021-08-13 13:34:39,913 INFO     ___FILE_ONLY___ ═
2021-08-13 13:34:39,934 INFO     ___FILE_ONLY___ ═
2021-08-13 13:34:39,948 INFO     ___FILE_ONLY___ ═
2021-08-13 13:34:39,964 INFO     ___FILE_ONLY___ ═
2021-08-13 13:34:39,964 INFO     ___FILE_ONLY___ ╝

2021-08-13 13:34:40,023 INFO     ___FILE_ONLY___ ╔════════════════════════════════════════════════════════════╗

2021-08-13 13:34:40,023 INFO     ___FILE_ONLY___ ╠═ Installing: Cloud Storage Command Line Tool (Platform... ═╣

2021-08-13 13:34:40,023 INFO     ___FILE_ONLY___ ╚
2021-08-13 13:34:40,027 DEBUG    urllib3.connectionpool Starting new HTTPS connection (1): dl.google.com:443
2021-08-13 13:34:40,048 DEBUG    urllib3.connectionpool https://dl.google.com:443 "GET /dl/cloudsdk/channels/rapid/components/google-cloud-sdk-gsutil-nix-20210618132905.tar.gz HTTP/1.1" 200 1981
2021-08-13 13:34:40,049 INFO     ___FILE_ONLY___ ══════════════════════════════
2021-08-13 13:34:40,050 INFO     ___FILE_ONLY___ ══════════════════════════════
2021-08-13 13:34:40,050 INFO     ___FILE_ONLY___ ╝

2021-08-13 13:34:40,060 INFO     ___FILE_ONLY___ ╔════════════════════════════════════════════════════════════╗

2021-08-13 13:34:40,061 INFO     ___FILE_ONLY___ ╠═ Installing: Default set of gcloud commands               ═╣

2021-08-13 13:34:40,061 INFO     ___FILE_ONLY___ ╚
2021-08-13 13:34:40,065 INFO     ___FILE_ONLY___ ════════════════════════════════════════════════════════════
2021-08-13 13:34:40,066 INFO     ___FILE_ONLY___ ╝

2021-08-13 13:34:40,070 INFO     ___FILE_ONLY___ ╔════════════════════════════════════════════════════════════╗

2021-08-13 13:34:40,070 INFO     ___FILE_ONLY___ ╠═ Installing: anthoscli                                    ═╣

2021-08-13 13:34:40,070 INFO     ___FILE_ONLY___ ╚
2021-08-13 13:34:40,074 DEBUG    urllib3.connectionpool Starting new HTTPS connection (1): dl.google.com:443
2021-08-13 13:34:40,096 DEBUG    urllib3.connectionpool https://dl.google.com:443 "GET /dl/cloudsdk/channels/rapid/components/google-cloud-sdk-anthoscli-linux-x86_64-20210618132905.tar.gz HTTP/1.1" 200 49283794
2021-08-13 13:34:40,359 INFO     ___FILE_ONLY___ ═
2021-08-13 13:34:40,361 INFO     ___FILE_ONLY___ ═
2021-08-13 13:34:40,363 INFO     ___FILE_ONLY___ ═
2021-08-13 13:34:40,365 INFO     ___FILE_ONLY___ ═
2021-08-13 13:34:40,367 INFO     ___FILE_ONLY___ ═
2021-08-13 13:34:40,369 INFO     ___FILE_ONLY___ ═
2021-08-13 13:34:40,371 INFO     ___FILE_ONLY___ ═
2021-08-13 13:34:40,373 INFO     ___FILE_ONLY___ ═
2021-08-13 13:34:40,375 INFO     ___FILE_ONLY___ ═
2021-08-13 13:34:40,377 INFO     ___FILE_ONLY___ ═
2021-08-13 13:34:40,379 INFO     ___FILE_ONLY___ ═
2021-08-13 13:34:40,381 INFO     ___FILE_ONLY___ ═
2021-08-13 13:34:40,382 INFO     ___FILE_ONLY___ ═
2021-08-13 13:34:40,384 INFO     ___FILE_ONLY___ ═
2021-08-13 13:34:40,386 INFO     ___FILE_ONLY___ ═
2021-08-13 13:34:40,388 INFO     ___FILE_ONLY___ ═
2021-08-13 13:34:40,390 INFO     ___FILE_ONLY___ ═
2021-08-13 13:34:40,392 INFO     ___FILE_ONLY___ ═
2021-08-13 13:34:40,394 INFO     ___FILE_ONLY___ ═
2021-08-13 13:34:40,396 INFO     ___FILE_ONLY___ ═
2021-08-13 13:34:40,398 INFO     ___FILE_ONLY___ ═
2021-08-13 13:34:40,400 INFO     ___FILE_ONLY___ ═
2021-08-13 13:34:40,402 INFO     ___FILE_ONLY___ ═
2021-08-13 13:34:40,404 INFO     ___FILE_ONLY___ ═
2021-08-13 13:34:40,406 INFO     ___FILE_ONLY___ ═
2021-08-13 13:34:40,408 INFO     ___FILE_ONLY___ ═
2021-08-13 13:34:40,410 INFO     ___FILE_ONLY___ ═
2021-08-13 13:34:40,412 INFO     ___FILE_ONLY___ ═
2021-08-13 13:34:40,414 INFO     ___FILE_ONLY___ ═
2021-08-13 13:34:40,416 INFO     ___FILE_ONLY___ ═
2021-08-13 13:34:42,217 INFO     ___FILE_ONLY___ ══════════
2021-08-13 13:34:42,222 INFO     ___FILE_ONLY___ ═════════
2021-08-13 13:34:42,245 INFO     ___FILE_ONLY___ ═══════════
2021-08-13 13:34:42,246 INFO     ___FILE_ONLY___ ╝

2021-08-13 13:34:42,266 INFO     ___FILE_ONLY___ ╔════════════════════════════════════════════════════════════╗

2021-08-13 13:34:42,267 INFO     ___FILE_ONLY___ ╠═ Installing: anthoscli                                    ═╣

2021-08-13 13:34:42,267 INFO     ___FILE_ONLY___ ╚
2021-08-13 13:34:42,271 INFO     ___FILE_ONLY___ ════════════════════════════════════════════════════════════
2021-08-13 13:34:42,272 INFO     ___FILE_ONLY___ ╝

2021-08-13 13:34:42,275 INFO     ___FILE_ONLY___ ╔════════════════════════════════════════════════════════════╗

2021-08-13 13:34:42,276 INFO     ___FILE_ONLY___ ╠═ Installing: gcloud cli dependencies                      ═╣

2021-08-13 13:34:42,276 INFO     ___FILE_ONLY___ ╚
2021-08-13 13:34:42,279 DEBUG    urllib3.connectionpool Starting new HTTPS connection (1): dl.google.com:443
2021-08-13 13:34:42,303 DEBUG    urllib3.connectionpool https://dl.google.com:443 "GET /dl/cloudsdk/channels/rapid/components/google-cloud-sdk-gcloud-deps-linux-x86_64-20210416153011.tar.gz HTTP/1.1" 200 104
2021-08-13 13:34:42,304 INFO     ___FILE_ONLY___ ══════════════════════════════
2021-08-13 13:34:42,305 INFO     ___FILE_ONLY___ ══════════════════════════════
2021-08-13 13:34:42,305 INFO     ___FILE_ONLY___ ╝

2021-08-13 13:34:42,315 INFO     ___FILE_ONLY___ ╔════════════════════════════════════════════════════════════╗

2021-08-13 13:34:42,316 INFO     ___FILE_ONLY___ ╠═ Creating backup and activating new installation          ═╣

2021-08-13 13:34:42,316 INFO     ___FILE_ONLY___ ╚
2021-08-13 13:34:42,316 DEBUG    root            Attempting to move directory [/tools/google-cloud-sdk] to [/tools/google-cloud-sdk.staging/.install/.backup]
2021-08-13 13:34:42,317 INFO     ___FILE_ONLY___ ══════════════════════════════
2021-08-13 13:34:42,317 DEBUG    root            Attempting to move directory [/tools/google-cloud-sdk.staging] to [/tools/google-cloud-sdk]
2021-08-13 13:34:42,317 INFO     ___FILE_ONLY___ ══════════════════════════════
2021-08-13 13:34:42,317 INFO     ___FILE_ONLY___ ╝

2021-08-13 13:34:42,321 DEBUG    root            Updating notification cache...
2021-08-13 13:34:42,321 INFO     ___FILE_ONLY___ 

2021-08-13 13:34:42,326 INFO     ___FILE_ONLY___ Performing post processing steps...
2021-08-13 13:34:42,327 DEBUG    root            Executing command: ['python3', '-S', '/tools/google-cloud-sdk/lib/gcloud.py', 'components', 'post-process']
2021-08-13 13:34:58,417 DEBUG    ___FILE_ONLY___ 
2021-08-13 13:34:58,417 DEBUG    ___FILE_ONLY___ 
2021-08-13 13:34:58,602 INFO     ___FILE_ONLY___ 
Update done!


2021-08-13 13:34:58,607 INFO     root            Display format: "none"
